PRT1
202
635
4 0 4 (512 2413.850098 -279.618988 ) (512 2080 -279.618988 ) (512 2080 639.619019 ) (512 2413.850098 639.619019 ) 
4 0 3 (512 2080 -279.618988 ) (544 2080 -279.618988 ) (544 2080 -96 ) (512 2080 -96 ) 
4 0 2 (544 2080 512 ) (544 2080 639.619019 ) (512 2080 639.619019 ) (512 2080 512 ) 
4 0 1 (544 2080 -279.618988 ) (865.077026 2080 -279.618988 ) (865.077026 2080 639.619019 ) (544 2080 639.619019 ) 
4 1 18 (865.077026 2048 639.619019 ) (544 2048 639.619019 ) (544 2048 -279.618988 ) (865.077026 2048 -279.618988 ) 
4 1 3 (544 2080 -96 ) (544 2080 -279.618988 ) (544 2048 -279.618988 ) (544 2048 -96.639984 ) 
4 1 2 (544 2080 639.619019 ) (544 2080 512 ) (544 2048 512 ) (544 2048 639.619019 ) 
4 2 19 (544 2048 639.619019 ) (512 2048 639.619019 ) (512 2048 512 ) (544 2048 512 ) 
4 2 5 (512 2048 512 ) (512 2048 639.619019 ) (512 2080 639.619019 ) (512 2080 512 ) 
4 3 20 (512 2048 -96.640015 ) (512 2048 -279.618988 ) (544 2048 -279.618988 ) (544 2048 -96.639984 ) 
4 3 6 (512 2080 -279.618988 ) (512 2048 -279.618988 ) (512 2048 -96.639984 ) (512 2080 -96 ) 
4 4 7 (0 2080 -279.618988 ) (0 2080 639.619019 ) (0 2413.850098 639.619019 ) (0 2413.850098 -279.618988 ) 
4 4 6 (0 2080 -96 ) (0 2080 -279.618988 ) (512 2080 -279.618988 ) (512 2080 -96 ) 
4 4 5 (0 2080 639.619019 ) (0 2080 512 ) (512 2080 512 ) (512 2080 639.619019 ) 
4 5 21 (512 2048 512 ) (512 2048 639.619019 ) (0 2048 639.619019 ) (0 2048 512 ) 
4 5 8 (0 2048 512 ) (0 2048 639.619019 ) (0 2080 639.619019 ) (0 2080 512 ) 
4 6 33 (0 2048 -117.894745 ) (0 2048 -279.618988 ) (192 2048 -279.618988 ) (192 2048 -128 ) 
4 6 32 (512 2048 -279.618988 ) (512 2048 -96 ) (192 2048 -96 ) (192 2048 -279.618988 ) 
4 6 10 (0 2048 -279.618988 ) (0 2048 -96 ) (0 2080 -96 ) (0 2080 -279.618988 ) 
4 7 11 (-1024 2080 -279.618988 ) (-1024 2080 639.619019 ) (-1024 2413.850098 639.619019 ) (-1024 2413.850098 -279.618988 ) 
4 7 10 (-1024 2080 -96 ) (-1024 2080 -279.618988 ) (0 2080 -279.618988 ) (0 2080 -96 ) 
4 7 8 (-1024 2080 639.619019 ) (-1024 2080 512 ) (0 2080 512 ) (0 2080 639.619019 ) 
4 8 80 (0 2048 512 ) (0 2048 639.619019 ) (-1024 2048 639.619019 ) (-1024 2048 512 ) 
4 8 12 (-1024 2048 512 ) (-1024 2048 639.619019 ) (-1024 2080 639.619019 ) (-1024 2080 512 ) 
4 9 90 (-960 2048 256 ) (-993.454590 2048 256 ) (-993.454590 2048 64 ) (-960 2048 64 ) 
4 9 89 (-993.454590 2048 256 ) (-1022.545471 2048 256 ) (-1022.545471 2048 64 ) (-993.454590 2048 64 ) 
4 9 88 (-1022.545471 2048 256 ) (-1024 2048 256 ) (-1024 2048 64 ) (-1022.545471 2048 64 ) 
4 9 14 (-1024 2048 64 ) (-1024 2048 256 ) (-1024 2064 256 ) (-1024 2064 64 ) 
5 10 118 (0 2048 -279.618988 ) (0 2048 -117.894745 ) (-416 2048 -96 ) (-1024 2048 -96 ) (-1024 2048 -279.618988 ) 
4 10 16 (-1024 2048 -279.618988 ) (-1024 2048 -96 ) (-1024 2080 -96 ) (-1024 2080 -279.618988 ) 
4 11 16 (-1024 2080 -279.618988 ) (-1024 2080 -96 ) (-1056 2080 -96 ) (-1056 2080 -279.618988 ) 
4 11 17 (-1056 2080 64 ) (-1173.380127 2080 64 ) (-1173.380127 2080 -279.618988 ) (-1056 2080 -279.618988 ) 
4 11 15 (-1056 2080 256 ) (-1173.380127 2080 256 ) (-1173.380127 2080 64 ) (-1056 2080 64 ) 
4 11 13 (-1056 2080 639.619019 ) (-1173.380127 2080 639.619019 ) (-1173.380127 2080 256 ) (-1056 2080 256 ) 
4 11 12 (-1024 2080 512 ) (-1024 2080 639.619019 ) (-1056 2080 639.619019 ) (-1056 2080 512 ) 
4 12 119 (-1024 2048 512 ) (-1024 2048 639.619019 ) (-1056 2048 639.619019 ) (-1056 2048 512 ) 
4 12 13 (-1056 2048 512 ) (-1056 2048 639.619019 ) (-1056 2080 639.619019 ) (-1056 2080 512 ) 
4 13 120 (-1056 2048 639.619019 ) (-1173.380127 2048 639.619019 ) (-1173.380127 2048 256 ) (-1056 2048 256 ) 
4 13 15 (-1173.380127 2080 256 ) (-1056 2080 256 ) (-1056 2048 256 ) (-1173.380127 2048 256 ) 
4 14 121 (-1024 2048 64 ) (-1024 2048 256 ) (-1040 2048 256 ) (-1040 2048 64 ) 
4 15 122 (-1056 2048 256 ) (-1173.380127 2048 256 ) (-1173.380127 2048 64 ) (-1056 2048 64 ) 
4 15 17 (-1056 2048 64 ) (-1173.380127 2048 64 ) (-1173.380127 2080 64 ) (-1056 2080 64 ) 
4 16 123 (-1024 2048 -279.618988 ) (-1024 2048 -96 ) (-1056 2048 -96 ) (-1056 2048 -279.618988 ) 
4 16 17 (-1056 2080 -279.618988 ) (-1056 2048 -279.618988 ) (-1056 2048 -96 ) (-1056 2080 -96 ) 
4 17 124 (-1056 2048 64 ) (-1173.380127 2048 64 ) (-1173.380127 2048 -279.618988 ) (-1056 2048 -279.618988 ) 
4 18 34 (865.077026 1024 639.619019 ) (544 1024 639.619019 ) (544 1024 -279.618988 ) (865.077026 1024 -279.618988 ) 
4 18 20 (544 2048 -279.618988 ) (544 1024 -279.618988 ) (544 1024 -117.119995 ) (544 2048 -96.640015 ) 
4 18 19 (544 1024 512 ) (544 1024 639.619019 ) (544 2048 639.619019 ) (544 2048 512 ) 
4 19 35 (544 1024 639.619019 ) (512 1024 639.619019 ) (512 1024 512 ) (544 1024 512 ) 
4 19 21 (512 1024 512 ) (512 1024 639.619019 ) (512 2048 639.619019 ) (512 2048 512 ) 
4 20 36 (512 1024 -117.120056 ) (512 1024 -279.618988 ) (544 1024 -279.618988 ) (544 1024 -117.119995 ) 
5 20 32 (512 1024 -279.618988 ) (512 1024 -117.894730 ) (512 1047.741943 -116.645157 ) (512 2048 -96.640015 ) (512 2048 -279.618988 ) 
4 21 80 (0 2048 639.619019 ) (0 2048 512 ) (0 1024 512 ) (0 1024 639.619019 ) 
4 21 37 (512 1024 512 ) (512 1024 639.619019 ) (0 1024 639.619019 ) (0 1024 512 ) 
4 21 30 (512 1272 512 ) (512 1024 512 ) (0 1024 512 ) (0 1272 512 ) 
4 21 28 (512 1288 512 ) (512 1272 512 ) (0 1272 512 ) (0 1288 512 ) 
4 21 26 (0 2048 512 ) (180 2048 512 ) (180 1288 512 ) (0 1288 512 ) 
4 21 23 (180 2048 512 ) (204 2048 512 ) (204 1288 512 ) (180 1288 512 ) 
4 21 22 (204 2048 512 ) (512 2048 512 ) (512 1288 512 ) (204 1288 512 ) 
4 22 28 (512 1288 480 ) (512 1288 512 ) (204 1288 512 ) (204 1288 480 ) 
4 22 24 (512 1288 480 ) (204 1288 480 ) (204 2048 480 ) (512 2048 480 ) 
4 22 23 (204 2048 480 ) (204 1288 480 ) (204 1288 512 ) (204 2048 512 ) 
4 23 28 (204 1288 512 ) (180 1288 512 ) (180 1288 480 ) (204 1288 480 ) 
4 23 26 (180 1288 480 ) (180 1288 512 ) (180 2048 512 ) (180 2048 480 ) 
4 23 25 (204 1288 480 ) (180 1288 480 ) (180 2048 480 ) (204 2048 480 ) 
4 24 29 (204 1288 0 ) (512 1288 0 ) (512 1288 480 ) (204 1288 480 ) 
4 24 25 (204 2048 0 ) (204 1288 0 ) (204 1288 480 ) (204 2048 480 ) 
4 25 29 (180 1288 0 ) (204 1288 0 ) (204 1288 480 ) (180 1288 480 ) 
4 25 27 (180 2048 0 ) (180 1288 0 ) (180 1288 480 ) (180 2048 480 ) 
4 26 81 (0 2048 512 ) (0 2048 480 ) (0 1288 480 ) (0 1288 512 ) 
4 26 28 (180 1288 480 ) (180 1288 512 ) (0 1288 512 ) (0 1288 480 ) 
4 26 27 (180 2048 480 ) (180 1288 480 ) (0 1288 480 ) (0 2048 480 ) 
4 27 109 (0 1656 0 ) (0 1288 0 ) (0 1288 64 ) (0 1656 64 ) 
4 27 108 (0 1856 0 ) (0 1656 0 ) (0 1656 64 ) (0 1856 64 ) 
4 27 99 (0 2048 64 ) (0 2048 0 ) (0 1856 0 ) (0 1856 64 ) 
4 27 83 (0 2048 256 ) (0 2048 64 ) (0 1288 64 ) (0 1288 256 ) 
4 27 82 (0 2048 480 ) (0 2048 256 ) (0 1288 256 ) (0 1288 480 ) 
4 27 29 (0 1288 0 ) (180 1288 0 ) (180 1288 480 ) (0 1288 480 ) 
4 28 95 (0 1272 480 ) (0 1272 512 ) (0 1288 512 ) (0 1288 480 ) 
4 28 30 (512 1272 480 ) (512 1272 512 ) (0 1272 512 ) (0 1272 480 ) 
4 28 29 (512 1272 480 ) (0 1272 480 ) (0 1288 480 ) (512 1288 480 ) 
4 29 111 (0 1288 0 ) (0 1272 0 ) (0 1272 64 ) (0 1288 64 ) 
4 29 96 (0 1272 64 ) (0 1272 480 ) (0 1288 480 ) (0 1288 64 ) 
4 29 31 (0 1272 0 ) (512 1272 0 ) (512 1272 480 ) (0 1272 480 ) 
4 30 97 (0 1024 480 ) (0 1024 512 ) (0 1272 512 ) (0 1272 480 ) 
4 30 38 (512 1024 480 ) (512 1024 512 ) (0 1024 512 ) (0 1024 480 ) 
4 30 31 (0 1024 480 ) (0 1272 480 ) (512 1272 480 ) (512 1024 480 ) 
4 31 115 (0 1272 0 ) (0 1024 0 ) (0 1024 64 ) (0 1272 64 ) 
4 31 98 (0 1024 64 ) (0 1024 480 ) (0 1272 480 ) (0 1272 64 ) 
4 31 46 (138.352936 1024 384 ) (102.857178 1024 384 ) (102.857193 1024 64 ) (138.352936 1024 64 ) 
4 31 44 (512 1024 64 ) (512 1024 384 ) (138.352936 1024 384 ) (138.352936 1024 64 ) 
4 31 43 (102.857178 1024 384 ) (42.352936 1024 384 ) (42.352943 1024 64 ) (102.857193 1024 64 ) 
4 31 42 (42.352936 1024 384 ) (0 1024 384 ) (0 1024 64 ) (42.352943 1024 64 ) 
4 31 39 (512 1024 384 ) (512 1024 480 ) (0 1024 480 ) (0 1024 384 ) 
4 32 50 (512 1024 -279.618988 ) (512 1024 -117.894730 ) (192 1024 -117.894730 ) (192 1024 -279.618988 ) 
4 32 33 (192 1024 -279.618988 ) (192 1024 -128 ) (192 2048 -128 ) (192 2048 -279.618988 ) 
4 33 118 (0 2048 -117.894745 ) (0 2048 -279.618988 ) (0 1024 -279.618988 ) (0 1024 -117.894745 ) 
4 33 52 (192 1024 -279.618988 ) (192 1024 -128 ) (0 1024 -117.894745 ) (0 1024 -279.618988 ) 
4 34 69 (544 832 -136 ) (544 832 -279.618988 ) (865.077026 832 -279.618988 ) (865.077026 832 -136 ) 
4 34 54 (865.077026 832 639.619019 ) (544 832 639.619019 ) (544 832 -136 ) (865.077026 832 -136 ) 
4 34 36 (544 1024 -279.618988 ) (544 832 -279.618988 ) (544 832 -120.959961 ) (544 1024 -117.120056 ) 
4 34 35 (544 832 512 ) (544 832 639.619019 ) (544 1024 639.619019 ) (544 1024 512 ) 
4 35 55 (544 832 639.619019 ) (512 832 639.619019 ) (512 832 512 ) (544 832 512 ) 
4 35 37 (512 832 512 ) (512 832 639.619019 ) (512 1024 639.619019 ) (512 1024 512 ) 
4 36 69 (512 832 -136 ) (512 832 -279.618988 ) (544 832 -279.618988 ) (544 832 -136 ) 
4 36 56 (512 832 -120.959961 ) (512 832 -136 ) (544 832 -136 ) (544 832 -120.959961 ) 
4 36 51 (512 832 -279.618988 ) (512 832 -128 ) (512 896 -124.631569 ) (512 896 -279.618988 ) 
4 36 50 (512 1024 -117.894730 ) (512 1024 -279.618988 ) (512 896 -279.618988 ) (512 896 -124.631561 ) 
4 37 125 (0 832 512 ) (0 832 639.619019 ) (0 1024 639.619019 ) (0 1024 512 ) 
4 37 70 (0 832 639.619019 ) (0 832 512 ) (192 832 512 ) (192 832 639.619019 ) 
4 37 58 (192 832 512 ) (512 832 512 ) (512 832 639.619019 ) (192 832 639.619019 ) 
4 37 38 (0 1024 512 ) (512 1024 512 ) (512 832 512 ) (0 832 512 ) 
4 38 126 (0 832 480 ) (0 832 512 ) (0 1024 512 ) (0 1024 480 ) 
4 38 71 (0 832 512 ) (0 832 480 ) (192 832 480 ) (192 832 512 ) 
4 38 59 (192 832 480 ) (512 832 480 ) (512 832 512 ) (192 832 512 ) 
4 38 39 (0 1024 480 ) (512 1024 480 ) (512 832 480 ) (0 832 480 ) 
4 39 127 (0 832 384 ) (0 832 480 ) (0 1024 480 ) (0 1024 384 ) 
4 39 75 (0 832 480 ) (0 832 384 ) (128 832 384 ) (128 832 480 ) 
4 39 73 (128 832 384 ) (192 832 384 ) (192 832 480 ) (128 832 480 ) 
4 39 60 (192 832 384 ) (512 832 384 ) (512 832 480 ) (192 832 480 ) 
3 39 47 (98 994 384 ) (121.940811 984.142029 384 ) (112 960 384 ) 
4 39 46 (64 1008 384 ) (102.857193 1024 384 ) (138.352936 1024 384 ) (121.940811 984.142029 384 ) 
3 39 45 (88.141983 902.059143 384 ) (64 912 384 ) (98 926 384 ) 
5 39 44 (512 1024 384 ) (512 832 384 ) (258.285675 832 384 ) (88.141983 902.059143 384 ) (138.352936 1024 384 ) 
3 39 43 (30 994 384 ) (42.352943 1024 384 ) (102.857193 1024 384 ) 
4 39 42 (16 960 384 ) (0 998.857178 384 ) (0 1024 384 ) (42.352943 1024 384 ) 
3 39 41 (30 926 384 ) (0 938.352905 384 ) (0 998.857178 384 ) 
3 39 40 (258.285675 832 384 ) (0 832 384 ) (0 938.352905 384 ) 
4 40 127 (0 832 64 ) (0 832 384 ) (0 938.352905 384 ) (0 938.352905 64 ) 
4 40 75 (0 832 384 ) (0 832 64 ) (128 832 64 ) (128 832 384 ) 
4 40 73 (128 832 64 ) (192 832 64 ) (192 832 384 ) (128 832 384 ) 
4 40 60 (192 832 64 ) (258.285675 832 64 ) (258.285675 832 384 ) (192 832 384 ) 
3 40 48 (258.285675 832 64 ) (128 832 64 ) (128 885.647034 64 ) 
4 40 45 (88.141983 902.059082 64 ) (64 912 64 ) (64 912 384 ) (88.141960 902.059082 384 ) 
4 40 44 (258.285431 832 64 ) (88.141983 902.059082 64 ) (88.141960 902.059082 384 ) (258.285156 832 384 ) 
4 40 41 (30 926 64 ) (0 938.352844 64 ) (0 938.352844 384 ) (30 926 384 ) 
4 41 127 (0 938.352905 384 ) (0 998.857178 384 ) (0 998.857178 64 ) (0 938.352905 64 ) 
4 41 42 (16 960 64 ) (0 998.855469 64 ) (0 998.855469 384 ) (16 960 384 ) 
4 42 127 (0 998.857178 384 ) (0 1024 384 ) (0 1024 64 ) (0 998.857178 64 ) 
4 42 43 (29.998056 994 64 ) (42.351341 1024 64 ) (42.351379 1024 384 ) (29.998096 994 384 ) 
4 43 46 (63.997826 1008 64 ) (102.852844 1024 64 ) (102.851990 1024 384 ) (63.997620 1008 384 ) 
4 44 60 (258.285675 832 64 ) (512 832 64 ) (512 832 384 ) (258.285675 832 384 ) 
5 44 48 (512 896 64 ) (512 832 64 ) (258.285675 832 64 ) (128 885.647034 64 ) (128 896 64 ) 
4 44 47 (121.941772 984.141602 64 ) (112 959.998657 64 ) (112 959.998657 384 ) (121.941772 984.141602 384 ) 
4 44 46 (138.354034 1024 64 ) (121.941772 984.141602 64 ) (121.941772 984.141602 384 ) (138.354034 1024 384 ) 
4 44 45 (98.001389 926 64 ) (88.143005 902.058777 64 ) (88.143005 902.058777 384 ) (98.001381 926 384 ) 
4 46 47 (98 993.998901 64 ) (121.941040 984.141113 64 ) (121.941040 984.141113 384 ) (98 993.998901 384 ) 
4 48 73 (192 832 64 ) (128 832 64 ) (128 832 16 ) (192 832 16 ) 
4 48 60 (512 832 16 ) (512 832 64 ) (192 832 64 ) (192 832 16 ) 
4 48 49 (128 832 16 ) (128 896 16 ) (512 896 16 ) (512 832 16 ) 
4 49 74 (128 832 0 ) (192 832 0 ) (192 832 16 ) (128 832 16 ) 
4 49 62 (192 832 0 ) (512 832 0 ) (512 832 16 ) (192 832 16 ) 
4 50 52 (192 1024 -279.618988 ) (192 896 -279.618988 ) (192 896 -128 ) (192 1024 -128 ) 
4 50 51 (192 896 -124.631577 ) (192 896 -279.618988 ) (512 896 -279.618988 ) (512 896 -124.631577 ) 
4 51 69 (192 832 -279.618988 ) (512 832 -279.618988 ) (512 832 -136 ) (192 832 -136 ) 
4 51 66 (512 832 -136 ) (512 832 -128 ) (192 832 -128 ) (192 832 -136 ) 
4 51 53 (192 896 -279.618988 ) (192 832 -279.618988 ) (192 832 -128 ) (192 896 -128 ) 
4 52 193 (0 1024 -117.894745 ) (0 1024 -279.618988 ) (0 896 -279.618988 ) (0 896 -117.894745 ) 
4 52 53 (0 896 -279.618988 ) (192 896 -279.618988 ) (192 896 -128 ) (0 896 -117.894745 ) 
4 53 193 (0 832 -279.618988 ) (0 832 -117.894745 ) (0 896 -117.894745 ) (0 896 -279.618988 ) 
4 53 76 (0 832 -117.894745 ) (0 832 -279.618988 ) (192 832 -279.618988 ) (192 832 -128 ) 
4 54 69 (544 832 -136 ) (865.077026 832 -136 ) (865.077026 480 -136 ) (544 480 -136 ) 
4 54 57 (865.077026 480 -136 ) (865.077026 480 639.619019 ) (544 480 639.619019 ) (544 480 -136 ) 
4 54 56 (544 832 -136 ) (544 480 -136 ) (544 480 -128 ) (544 832 -120.960022 ) 
4 54 55 (544 480 512 ) (544 480 639.619019 ) (544 832 639.619019 ) (544 832 512 ) 
4 55 64 (512 512 512 ) (512 480 512 ) (512 480 639.619019 ) (512 512 639.619019 ) 
4 55 58 (512 832 639.619019 ) (512 832 512 ) (512 516 512 ) (512 516 639.619019 ) 
4 55 61 (512 516 512 ) (512 512 512 ) (512 512 639.619019 ) (512 516 639.619019 ) 
4 55 57 (544 480 639.619019 ) (512 480 639.619019 ) (512 480 512 ) (544 480 512 ) 
4 56 69 (512 480 -136 ) (512 832 -136 ) (544 832 -136 ) (544 480 -136 ) 
4 56 67 (512 512 -136 ) (512 480 -136 ) (512 480 -128 ) (512 512 -128 ) 
4 56 66 (512 832 -120.960022 ) (512 832 -136 ) (512 512 -136 ) (512 512 -127.359985 ) 
4 56 57 (512 480 -128 ) (512 480 -136 ) (544 480 -136 ) (544 480 -128 ) 
4 57 69 (512 110.888000 -136 ) (512 480 -136 ) (865.077026 480 -136 ) (865.077026 110.888000 -136 ) 
4 57 68 (512 480 -136 ) (512 110.888000 -136 ) (512 110.888000 -16 ) (512 480 -16 ) 
4 57 65 (512 110.888000 -16 ) (512 110.888000 639.619019 ) (512 480 639.619019 ) (512 480 -16 ) 
4 58 70 (192 832 639.619019 ) (192 832 512 ) (192 516 512 ) (192 516 639.619019 ) 
4 58 61 (512 516 512 ) (512 516 639.619019 ) (192 516 639.619019 ) (192 516 512 ) 
4 58 59 (512 516 512 ) (192 516 512 ) (192 832 512 ) (512 832 512 ) 
4 59 71 (192 832 512 ) (192 832 480 ) (192 516 480 ) (192 516 512 ) 
4 59 60 (512 516 480 ) (192 516 480 ) (192 832 480 ) (512 832 480 ) 
4 59 61 (512 516 480 ) (512 516 512 ) (192 516 512 ) (192 516 480 ) 
4 60 73 (192 832 480 ) (192 832 16 ) (192 516 16 ) (192 516 480 ) 
4 60 62 (192 516 16 ) (192 832 16 ) (512 832 16 ) (512 516 16 ) 
4 60 61 (192 516 16 ) (512 516 16 ) (512 516 480 ) (192 516 480 ) 
4 61 73 (192 516 16 ) (192 512 16 ) (192 512 480 ) (192 516 480 ) 
4 61 72 (192 512 480 ) (192 512 639.619019 ) (192 516 639.619019 ) (192 516 480 ) 
4 61 64 (192 512 639.619019 ) (192 512 512 ) (512 512 512 ) (512 512 639.619019 ) 
4 61 62 (512 512 16 ) (192 512 16 ) (192 516 16 ) (512 516 16 ) 
4 62 74 (192 832 16 ) (192 832 0 ) (192 512 0 ) (192 512 16 ) 
4 62 63 (512 512 0 ) (192 512 0 ) (192 832 0 ) (512 832 0 ) 
4 63 66 (192 512 -16 ) (192 832 -16 ) (512 832 -16 ) (512 512 -16 ) 
4 64 77 (192 480 512 ) (192 480 639.619019 ) (192 512 639.619019 ) (192 512 512 ) 
4 64 65 (512 480 512 ) (512 480 639.619019 ) (192 480 639.619019 ) (192 480 512 ) 
4 65 79 (192 480 -16 ) (192 110.888000 -16 ) (192 110.888000 639.619019 ) (192 480 639.619019 ) 
4 65 68 (192 110.888000 -16 ) (192 480 -16 ) (512 480 -16 ) (512 110.888000 -16 ) 
4 66 76 (192 832 -128 ) (192 832 -136 ) (192 512 -136 ) (192 512 -128 ) 
4 66 69 (192 512 -136 ) (192 832 -136 ) (512 832 -136 ) (512 512 -136 ) 
4 66 67 (192 512 -136 ) (512 512 -136 ) (512 512 -128 ) (192 512 -121.333336 ) 
4 67 78 (192 512 -136 ) (192 480 -136 ) (192 480 -121.333336 ) (192 512 -121.333336 ) 
4 67 69 (192 480 -136 ) (192 512 -136 ) (512 512 -136 ) (512 480 -136 ) 
4 67 68 (192 480 -136 ) (512 480 -136 ) (512 480 -128 ) (192 480 -121.333336 ) 
4 68 79 (192 480 -136 ) (192 110.888000 -136 ) (192 110.888000 -16 ) (192 480 -16 ) 
4 68 69 (192 110.888000 -136 ) (192 480 -136 ) (512 480 -136 ) (512 110.888000 -136 ) 
4 69 79 (192 480 -279.618988 ) (192 110.888000 -279.618988 ) (192 110.888000 -136 ) (192 480 -136 ) 
4 69 78 (192 512 -279.618988 ) (192 480 -279.618988 ) (192 480 -136 ) (192 512 -136 ) 
4 69 76 (192 832 -136 ) (192 832 -279.618988 ) (192 512 -279.618988 ) (192 512 -136 ) 
4 70 136 (0 516 639.619019 ) (0 656 639.619019 ) (0 656 512 ) (0 516 512 ) 
4 70 125 (0 656 639.619019 ) (0 832 639.619019 ) (0 832 512 ) (0 656 512 ) 
4 70 72 (192 516 512 ) (192 516 639.619019 ) (0 516 639.619019 ) (0 516 512 ) 
4 70 71 (192 516 512 ) (0 516 512 ) (0 832 512 ) (192 832 512 ) 
4 71 137 (0 656 480 ) (0 516 480 ) (0 516 512 ) (0 656 512 ) 
4 71 126 (0 832 512 ) (0 832 480 ) (0 656 480 ) (0 656 512 ) 
4 71 75 (0 516 480 ) (0 832 480 ) (128 832 480 ) (128 516 480 ) 
4 71 73 (128 832 480 ) (192 832 480 ) (192 516 480 ) (128 516 480 ) 
4 71 72 (0 516 480 ) (192 516 480 ) (192 516 512 ) (0 516 512 ) 
4 72 139 (0 512 480 ) (0 512 639.619019 ) (0 516 639.619019 ) (0 516 480 ) 
4 72 77 (0 512 639.619019 ) (0 512 512 ) (192 512 512 ) (192 512 639.619019 ) 
4 72 75 (128 512 480 ) (0 512 480 ) (0 516 480 ) (128 516 480 ) 
4 72 73 (192 512 480 ) (128 512 480 ) (128 516 480 ) (192 516 480 ) 
4 73 75 (128 512 64 ) (128 512 480 ) (128 832 480 ) (128 832 64 ) 
4 73 74 (192 512 16 ) (128 512 16 ) (128 832 16 ) (192 832 16 ) 
4 75 138 (0 516 480 ) (0 656 480 ) (0 656 64 ) (0 516 64 ) 
4 75 139 (0 512 64 ) (0 512 480 ) (0 516 480 ) (0 516 64 ) 
4 75 127 (0 656 480 ) (0 832 480 ) (0 832 64 ) (0 656 64 ) 
4 76 193 (0 512 -279.618988 ) (0 512 -117.894745 ) (0 832 -117.894745 ) (0 832 -279.618988 ) 
4 76 78 (0 512 -117.894745 ) (0 512 -279.618988 ) (192 512 -279.618988 ) (192 512 -128 ) 
4 77 188 (0 480 639.619019 ) (0 512 639.619019 ) (0 512 512 ) (0 480 512 ) 
4 77 79 (192 480 512 ) (192 480 639.619019 ) (0 480 639.619019 ) (0 480 512 ) 
4 78 194 (0 512 -117.333374 ) (0 512 -279.618988 ) (0 480 -279.618988 ) (0 480 -117.333328 ) 
4 78 79 (0 480 -279.618988 ) (192 480 -279.618988 ) (192 480 -121.333344 ) (0 480 -117.333374 ) 
4 79 195 (0 480 8 ) (0 480 -279.618988 ) (0 110.888000 -279.618988 ) (0 110.888000 8 ) 
4 79 189 (0 110.888000 639.619019 ) (0 480 639.619019 ) (0 480 8 ) (0 110.888000 8 ) 
4 80 174 (-928 1024 639.619019 ) (-1024 1024 639.619019 ) (-1024 1024 512 ) (-928 1024 512 ) 
4 80 156 (-648 1024 639.619019 ) (-928 1024 639.619019 ) (-928 1024 512 ) (-648 1024 512 ) 
4 80 125 (0 1024 512 ) (0 1024 639.619019 ) (-648 1024 639.619019 ) (-648 1024 512 ) 
4 80 119 (-1024 2048 639.619019 ) (-1024 2048 512 ) (-1024 1024 512 ) (-1024 1024 639.619019 ) 
4 80 97 (0 1024 512 ) (-1024 1024 512 ) (-1024 1272 512 ) (0 1272 512 ) 
4 80 95 (-1024 1272 512 ) (-1024 1288 512 ) (0 1288 512 ) (0 1272 512 ) 
4 80 81 (-1024 1288 512 ) (-1024 2048 512 ) (0 2048 512 ) (0 1288 512 ) 
4 81 95 (0 1288 480 ) (0 1288 512 ) (-1024 1288 512 ) (-1024 1288 480 ) 
4 81 82 (0 1288 480 ) (-1024 1288 480 ) (-1024 2048 480 ) (0 2048 480 ) 
4 82 96 (0 1288 256 ) (0 1288 480 ) (-1024 1288 480 ) (-1024 1288 256 ) 
3 82 94 (-981 2027 256 ) (-972.712341 2023.232666 256 ) (-976 2016 256 ) 
3 82 93 (-992 2032 256 ) (-962.666626 2045.333374 256 ) (-972.712341 2023.232666 256 ) 
3 82 92 (-984.767029 1996.712402 256 ) (-992 2000 256 ) (-981 2005 256 ) 
4 82 91 (-960 2046.545410 256 ) (-960 1985.454590 256 ) (-984.767029 1996.712402 256 ) (-962.666626 2045.333374 256 ) 
4 82 90 (-993.454590 2048 256 ) (-960 2048 256 ) (-960 2046.545410 256 ) (-1003 2027 256 ) 
3 82 89 (-1022.545471 2048 256 ) (-993.454590 2048 256 ) (-1008 2016 256 ) 
4 82 88 (-1024 2014.545532 256 ) (-1024 2048 256 ) (-1022.545471 2048 256 ) (-1003 2005 256 ) 
4 82 87 (-960 1288 256 ) (-1024 1288 256 ) (-1024 2014.545532 256 ) (-960 1985.454590 256 ) 
4 82 85 (-960 1976 256 ) (-960 2040 256 ) (-896 2040 256 ) (-896 1976 256 ) 
4 82 84 (-960 2040 256 ) (-960 2048 256 ) (-896 2048 256 ) (-896 2040 256 ) 
4 82 86 (-896 1288 256 ) (-960 1288 256 ) (-960 1976 256 ) (-896 1976 256 ) 
4 82 83 (0 1288 256 ) (-896 1288 256 ) (-896 2048 256 ) (0 2048 256 ) 
4 83 110 (-136 1288 64 ) (-896 1288 64 ) (-896 1656 64 ) (-136 1656 64 ) 
4 83 109 (0 1656 64 ) (0 1288 64 ) (-136 1288 64 ) (-136 1656 64 ) 
4 83 108 (0 1856 64 ) (0 1656 64 ) (-896 1656 64 ) (-896 1856 64 ) 
4 83 105 (-456 2048 64 ) (-392 2048 64 ) (-392 2016 64 ) (-456 2016 64 ) 
4 83 106 (-392 1952 64 ) (-392 1856 64 ) (-456 1856 64 ) (-456 1952 64 ) 
4 83 104 (-392 2048 64 ) (-288 2048 64 ) (-288 1856 64 ) (-392 1856 64 ) 
4 83 107 (-832 2048 64 ) (-456 2048 64 ) (-456 1856 64 ) (-832 1856 64 ) 
4 83 101 (-256 2000 64 ) (-256 1968 64 ) (-288 1968 64 ) (-288 2000 64 ) 
4 83 100 (-288 2048 64 ) (-256 2048 64 ) (-256 2000 64 ) (-288 2000 64 ) 
4 83 103 (-256 1968 64 ) (-256 1856 64 ) (-288 1856 64 ) (-288 1968 64 ) 
4 83 99 (-256 2048 64 ) (0 2048 64 ) (0 1856 64 ) (-256 1856 64 ) 
4 83 96 (-896 1288 64 ) (0 1288 64 ) (0 1288 256 ) (-896 1288 256 ) 
4 83 85 (-896 1976 128 ) (-896 1976 256 ) (-896 2040 256 ) (-896 2040 128 ) 
4 83 84 (-896 2048 64 ) (-896 2040 64 ) (-896 2040 256 ) (-896 2048 256 ) 
4 83 86 (-896 1976 64 ) (-896 1288 64 ) (-896 1288 256 ) (-896 1976 256 ) 
4 84 91 (-960 2046.545410 64 ) (-960 2040 64 ) (-960 2040 256 ) (-960 2046.545410 256 ) 
4 84 90 (-960 2048 64 ) (-960 2046.545410 64 ) (-960 2046.545410 256 ) (-960 2048 256 ) 
4 84 85 (-960 2040 256 ) (-960 2040 128 ) (-896 2040 128 ) (-896 2040 256 ) 
4 85 91 (-960 1985.454590 256 ) (-960 2040 256 ) (-960 2040 128 ) (-960 1985.454590 128 ) 
4 85 87 (-960 1976 128 ) (-960 1976 256 ) (-960 1985.454590 256 ) (-960 1985.454590 128 ) 
4 85 86 (-960 1976 256 ) (-960 1976 128 ) (-896 1976 128 ) (-896 1976 256 ) 
4 86 113 (-952 1288 64 ) (-960 1288 64 ) (-960 1656 64 ) (-952 1656 64 ) 
4 86 110 (-896 1656 64 ) (-896 1288 64 ) (-952 1288 64 ) (-952 1656 64 ) 
4 86 108 (-896 1856 64 ) (-896 1656 64 ) (-960 1656 64 ) (-960 1856 64 ) 
4 86 96 (-960 1288 64 ) (-896 1288 64 ) (-896 1288 256 ) (-960 1288 256 ) 
4 86 87 (-960 1976 64 ) (-960 1288 64 ) (-960 1288 256 ) (-960 1976 256 ) 
4 87 121 (-1024 2014.545532 64 ) (-1024 1984 64 ) (-1024 1984 256 ) (-1024 2014.545532 256 ) 
4 87 113 (-1024 1288 64 ) (-1024 1656 64 ) (-960 1656 64 ) (-960 1288 64 ) 
4 87 108 (-1024 1656 64 ) (-1024 1856 64 ) (-960 1856 64 ) (-960 1656 64 ) 
4 87 96 (-1024 1288 64 ) (-960 1288 64 ) (-960 1288 256 ) (-1024 1288 256 ) 
4 87 92 (-984.766968 1996.712769 64 ) (-992 2000 64 ) (-992 2000 256 ) (-984.766907 1996.712891 256 ) 
4 87 91 (-960 1985.455078 256 ) (-960 1985.455078 64 ) (-984.766968 1996.712769 64 ) (-984.766907 1996.712891 256 ) 
4 87 88 (-1003 2005 64 ) (-1024 2014.546021 64 ) (-1024 2014.546265 256 ) (-1003 2005 256 ) 
4 88 121 (-1024 2048 256 ) (-1024 2048 64 ) (-1024 2014.545532 64 ) (-1024 2014.545532 256 ) 
4 88 89 (-1008 2016 64 ) (-1022.545593 2048 64 ) (-1022.544128 2048 256 ) (-1008 2016 256 ) 
4 89 90 (-1003 2027 64 ) (-993.454590 2048 64 ) (-993.454590 2048 256 ) (-1003 2027 256 ) 
4 90 93 (-992.002014 2032 64 ) (-962.665771 2045.335327 64 ) (-962.665771 2045.335327 256 ) (-992.002014 2032 256 ) 
4 90 91 (-962.665771 2045.335327 64 ) (-960 2046.546997 64 ) (-960 2046.546997 256 ) (-962.665771 2045.335327 256 ) 
4 91 94 (-972.711182 2023.232300 64 ) (-976 2015.998413 64 ) (-976 2015.998413 256 ) (-972.711182 2023.232300 256 ) 
4 91 93 (-962.664063 2045.335938 256 ) (-962.664063 2045.335938 64 ) (-972.711182 2023.232300 64 ) (-972.711182 2023.232300 256 ) 
4 91 92 (-980.998169 2005 64 ) (-984.765991 1996.711792 64 ) (-984.765991 1996.711792 256 ) (-980.998169 2005 256 ) 
4 93 94 (-981 2026.998657 64 ) (-972.711670 2023.231567 64 ) (-972.711670 2023.231567 256 ) (-981 2026.998657 256 ) 
4 95 97 (0 1272 480 ) (0 1272 512 ) (-1024 1272 512 ) (-1024 1272 480 ) 
4 95 96 (0 1272 480 ) (-1024 1272 480 ) (-1024 1288 480 ) (0 1288 480 ) 
4 96 114 (-1024 1272 64 ) (-1024 1288 64 ) (-952 1288 64 ) (-952 1272 64 ) 
4 96 112 (-952 1288 64 ) (-136 1288 64 ) (-136 1272 64 ) (-952 1272 64 ) 
4 96 111 (-136 1288 64 ) (0 1288 64 ) (0 1272 64 ) (-136 1272 64 ) 
4 96 98 (-1024 1272 64 ) (0 1272 64 ) (0 1272 480 ) (-1024 1272 480 ) 
4 97 175 (-928 1024 512 ) (-1024 1024 512 ) (-1024 1024 480 ) (-928 1024 480 ) 
4 97 157 (-648 1024 512 ) (-928 1024 512 ) (-928 1024 480 ) (-648 1024 480 ) 
4 97 126 (0 1024 480 ) (0 1024 512 ) (-648 1024 512 ) (-648 1024 480 ) 
4 97 98 (-1024 1024 480 ) (-1024 1272 480 ) (0 1272 480 ) (0 1024 480 ) 
4 98 181 (-944 1024 64 ) (-928 1024 64 ) (-928 1024 128 ) (-944 1024 128 ) 
4 98 184 (-1024 1024 128 ) (-1024 1024 64 ) (-944 1024 64 ) (-944 1024 128 ) 
4 98 178 (-944 1024 128 ) (-928 1024 128 ) (-928 1024 136 ) (-944 1024 136 ) 
4 98 180 (-1024 1024 136 ) (-1024 1024 128 ) (-944 1024 128 ) (-944 1024 136 ) 
4 98 176 (-928 1024 480 ) (-1024 1024 480 ) (-1024 1024 136 ) (-928 1024 136 ) 
4 98 168 (-704 1024 480 ) (-928 1024 480 ) (-928 1024 64 ) (-704 1024 64 ) 
4 98 166 (-704 1024 116 ) (-704 1024 64 ) (-700 1024 64 ) (-700 1024 116 ) 
4 98 164 (-700 1024 64 ) (-652 1024 64 ) (-652 1024 116 ) (-700 1024 116 ) 
4 98 162 (-652 1024 64 ) (-648 1024 64 ) (-648 1024 116 ) (-652 1024 116 ) 
4 98 159 (-648 1024 480 ) (-704 1024 480 ) (-704 1024 116 ) (-648 1024 116 ) 
4 98 128 (-540 1024 480 ) (-548 1024 480 ) (-548 1024 64 ) (-540 1024 64 ) 
4 98 127 (0 1024 64 ) (0 1024 480 ) (-540 1024 480 ) (-540 1024 64 ) 
4 98 130 (-548 1024 480 ) (-648 1024 480 ) (-648 1024 64 ) (-548 1024 64 ) 
4 98 116 (-952 1272 64 ) (-136 1272 64 ) (-136 1024 64 ) (-952 1024 64 ) 
4 98 115 (-136 1272 64 ) (0 1272 64 ) (0 1024 64 ) (-136 1024 64 ) 
4 98 117 (-1024 1024 64 ) (-1024 1272 64 ) (-952 1272 64 ) (-952 1024 64 ) 
4 99 108 (-256 1856 0 ) (0 1856 0 ) (0 1856 64 ) (-256 1856 64 ) 
4 99 101 (-256 1968 36 ) (-256 1968 64 ) (-256 2000 64 ) (-256 2000 36 ) 
4 99 102 (-256 2000 0 ) (-256 1968 0 ) (-256 1968 4 ) (-256 2000 4 ) 
4 99 100 (-256 2048 0 ) (-256 2000 0 ) (-256 2000 64 ) (-256 2048 64 ) 
4 99 103 (-256 1968 0 ) (-256 1856 0 ) (-256 1856 64 ) (-256 1968 64 ) 
4 100 104 (-288 2048 0 ) (-288 2000 0 ) (-288 2000 64 ) (-288 2048 64 ) 
4 100 101 (-288 2000 64 ) (-288 2000 36 ) (-256 2000 36 ) (-256 2000 64 ) 
4 100 102 (-288 2000 4 ) (-288 2000 0 ) (-256 2000 0 ) (-256 2000 4 ) 
4 101 104 (-288 1968 36 ) (-288 1968 64 ) (-288 2000 64 ) (-288 2000 36 ) 
4 101 103 (-288 1968 64 ) (-288 1968 36 ) (-256 1968 36 ) (-256 1968 64 ) 
4 102 104 (-288 2000 0 ) (-288 1968 0 ) (-288 1968 4 ) (-288 2000 4 ) 
4 102 103 (-288 1968 4 ) (-288 1968 0 ) (-256 1968 0 ) (-256 1968 4 ) 
4 103 108 (-288 1856 0 ) (-256 1856 0 ) (-256 1856 64 ) (-288 1856 64 ) 
4 103 104 (-288 1968 0 ) (-288 1856 0 ) (-288 1856 64 ) (-288 1968 64 ) 
4 104 108 (-392 1856 0 ) (-288 1856 0 ) (-288 1856 64 ) (-392 1856 64 ) 
4 104 105 (-392 2048 0 ) (-392 2016 0 ) (-392 2016 64 ) (-392 2048 64 ) 
4 104 106 (-392 1952 0 ) (-392 1856 0 ) (-392 1856 64 ) (-392 1952 64 ) 
4 105 107 (-456 2048 0 ) (-456 2016 0 ) (-456 2016 64 ) (-456 2048 64 ) 
4 106 108 (-456 1856 0 ) (-392 1856 0 ) (-392 1856 64 ) (-456 1856 64 ) 
4 106 107 (-456 1952 0 ) (-456 1856 0 ) (-456 1856 64 ) (-456 1952 64 ) 
4 107 108 (-832 1856 0 ) (-456 1856 0 ) (-456 1856 64 ) (-832 1856 64 ) 
4 108 113 (-1024 1656 0 ) (-952 1656 0 ) (-952 1656 64 ) (-1024 1656 64 ) 
4 108 110 (-136 1656 8 ) (-136 1656 64 ) (-952 1656 64 ) (-952 1656 8 ) 
4 108 109 (-136 1656 0 ) (0 1656 0 ) (0 1656 64 ) (-136 1656 64 ) 
4 109 111 (-136 1288 0 ) (0 1288 0 ) (0 1288 64 ) (-136 1288 64 ) 
4 109 110 (-136 1656 64 ) (-136 1656 8 ) (-136 1288 8 ) (-136 1288 64 ) 
4 110 113 (-952 1656 64 ) (-952 1656 8 ) (-952 1288 8 ) (-952 1288 64 ) 
4 110 112 (-952 1288 64 ) (-952 1288 8 ) (-136 1288 8 ) (-136 1288 64 ) 
4 111 115 (-136 1272 0 ) (0 1272 0 ) (0 1272 64 ) (-136 1272 64 ) 
4 111 112 (-136 1288 64 ) (-136 1288 8 ) (-136 1272 8 ) (-136 1272 64 ) 
4 112 116 (-136 1272 8 ) (-136 1272 64 ) (-952 1272 64 ) (-952 1272 8 ) 
4 112 114 (-952 1272 8 ) (-952 1272 64 ) (-952 1288 64 ) (-952 1288 8 ) 
4 113 114 (-1024 1288 0 ) (-952 1288 0 ) (-952 1288 64 ) (-1024 1288 64 ) 
4 114 117 (-1024 1272 0 ) (-952 1272 0 ) (-952 1272 64 ) (-1024 1272 64 ) 
4 115 190 (0 1024 0 ) (0 1024 8 ) (-136 1024 8 ) (-136 1024 0 ) 
4 115 131 (0 1024 8 ) (0 1024 26 ) (-136 1024 26 ) (-136 1024 8 ) 
4 115 127 (0 1024 26 ) (0 1024 64 ) (-136 1024 64 ) (-136 1024 26 ) 
4 115 116 (-136 1272 64 ) (-136 1272 8 ) (-136 1024 8 ) (-136 1024 64 ) 
4 116 185 (-944 1024 8 ) (-928 1024 8 ) (-928 1024 16 ) (-944 1024 16 ) 
4 116 187 (-952 1024 16 ) (-952 1024 8 ) (-944 1024 8 ) (-944 1024 16 ) 
4 116 181 (-928 1024 64 ) (-944 1024 64 ) (-944 1024 16 ) (-928 1024 16 ) 
4 116 184 (-944 1024 64 ) (-952 1024 64 ) (-952 1024 16 ) (-944 1024 16 ) 
4 116 168 (-704 1024 64 ) (-928 1024 64 ) (-928 1024 8 ) (-704 1024 8 ) 
4 116 166 (-700 1024 64 ) (-704 1024 64 ) (-704 1024 8 ) (-700 1024 8 ) 
4 116 164 (-652 1024 64 ) (-700 1024 64 ) (-700 1024 8 ) (-652 1024 8 ) 
4 116 162 (-648 1024 64 ) (-652 1024 64 ) (-652 1024 8 ) (-648 1024 8 ) 
4 116 132 (-548 1024 8 ) (-542 1024 8 ) (-542 1024 26 ) (-548 1024 26 ) 
4 116 131 (-542 1024 8 ) (-136 1024 8 ) (-136 1024 26 ) (-542 1024 26 ) 
4 116 135 (-648 1024 26 ) (-648 1024 8 ) (-548 1024 8 ) (-548 1024 26 ) 
4 116 128 (-540 1024 64 ) (-548 1024 64 ) (-548 1024 26 ) (-540 1024 26 ) 
4 116 127 (-136 1024 64 ) (-540 1024 64 ) (-540 1024 26 ) (-136 1024 26 ) 
4 116 130 (-548 1024 64 ) (-648 1024 64 ) (-648 1024 26 ) (-548 1024 26 ) 
4 116 117 (-952 1272 64 ) (-952 1272 8 ) (-952 1024 8 ) (-952 1024 64 ) 
4 117 192 (-1024 1024 8 ) (-1024 1024 0 ) (-952 1024 0 ) (-952 1024 8 ) 
4 117 187 (-1024 1024 16 ) (-1024 1024 8 ) (-952 1024 8 ) (-952 1024 16 ) 
4 117 184 (-952 1024 64 ) (-1024 1024 64 ) (-1024 1024 16 ) (-952 1024 16 ) 
4 118 193 (0 1024 -279.618988 ) (0 1024 -117.894745 ) (-1024 1024 -64 ) (-1024 1024 -279.618988 ) 
4 118 123 (-1024 2048 -96 ) (-1024 2048 -279.618988 ) (-1024 1024 -279.618988 ) (-1024 1024 -96 ) 
4 119 196 (-1024 1024 512 ) (-1024 1024 639.619019 ) (-1056 1024 639.619019 ) (-1056 1024 512 ) 
4 119 120 (-1056 1024 512 ) (-1056 1024 639.619019 ) (-1056 2048 639.619019 ) (-1056 2048 512 ) 
4 120 197 (-1056 1024 639.619019 ) (-1173.380127 1024 639.619019 ) (-1173.380127 1024 256 ) (-1056 1024 256 ) 
4 120 122 (-1056 1024 256 ) (-1173.380127 1024 256 ) (-1173.380127 2048 256 ) (-1056 2048 256 ) 
4 122 198 (-1056 1024 256 ) (-1173.380127 1024 256 ) (-1173.380127 1024 64 ) (-1056 1024 64 ) 
4 122 124 (-1173.380127 2048 64 ) (-1056 2048 64 ) (-1056 1024 64 ) (-1173.380127 1024 64 ) 
4 123 199 (-1024 1024 -279.618988 ) (-1024 1024 -96 ) (-1056 1024 -96 ) (-1056 1024 -279.618988 ) 
4 123 124 (-1056 2048 -279.618988 ) (-1056 1024 -279.618988 ) (-1056 1024 -96 ) (-1056 2048 -96 ) 
4 124 200 (-1056 1024 64 ) (-1173.380127 1024 64 ) (-1173.380127 1024 -279.618988 ) (-1056 1024 -279.618988 ) 
4 125 156 (-648 656 512 ) (-648 656 639.619019 ) (-648 1024 639.619019 ) (-648 1024 512 ) 
4 125 136 (-648 656 639.619019 ) (-648 656 512 ) (0 656 512 ) (0 656 639.619019 ) 
4 125 126 (0 656 512 ) (-648 656 512 ) (-648 1024 512 ) (0 1024 512 ) 
4 126 157 (-648 656 480 ) (-648 656 512 ) (-648 1024 512 ) (-648 1024 480 ) 
4 126 137 (-648 656 512 ) (-648 656 480 ) (0 656 480 ) (0 656 512 ) 
4 126 129 (-540 656 480 ) (-548 656 480 ) (-548 658 480 ) (-540 658 480 ) 
4 126 128 (-548 658 480 ) (-548 1024 480 ) (-540 1024 480 ) (-540 658 480 ) 
4 126 127 (0 656 480 ) (-540 656 480 ) (-540 1024 480 ) (0 1024 480 ) 
4 126 130 (-548 656 480 ) (-648 656 480 ) (-648 1024 480 ) (-548 1024 480 ) 
4 127 150 (-520 656 26 ) (-512 656 26 ) (-512 656 40 ) (-520 656 40 ) 
4 127 145 (-524 656 60 ) (-540 656 60 ) (-540 656 40 ) (-524 656 40 ) 
4 127 144 (-512 656 40 ) (-512 656 60 ) (-524 656 60 ) (-524 656 40 ) 
4 127 141 (-512 656 26 ) (-448 656 26 ) (-448 656 60 ) (-512 656 60 ) 
4 127 140 (-448 656 26 ) (0 656 26 ) (0 656 60 ) (-448 656 60 ) 
4 127 138 (0 656 60 ) (0 656 480 ) (-540 656 480 ) (-540 656 60 ) 
4 127 131 (0 656 26 ) (-540 656 26 ) (-540 1024 26 ) (0 1024 26 ) 
4 127 129 (-540 656 38 ) (-540 656 480 ) (-540 658 480 ) (-540 658 38 ) 
4 127 128 (-540 1024 26 ) (-540 658 26 ) (-540 658 480 ) (-540 1024 480 ) 
4 128 132 (-548 658 26 ) (-548 1024 26 ) (-542 1024 26 ) (-542 658 26 ) 
4 128 131 (-542 1024 26 ) (-540 1024 26 ) (-540 658 26 ) (-542 658 26 ) 
4 128 129 (-548 658 480 ) (-548 658 38 ) (-540 658 38 ) (-540 658 480 ) 
4 128 130 (-548 1024 26 ) (-548 658 26 ) (-548 658 480 ) (-548 1024 480 ) 
4 129 145 (-540 656 40 ) (-540 656 60 ) (-548 656 60 ) (-548 656 40 ) 
4 129 138 (-540 656 60 ) (-540 656 480 ) (-548 656 480 ) (-548 656 60 ) 
4 129 130 (-548 656 38 ) (-548 656 480 ) (-548 658 480 ) (-548 658 38 ) 
4 130 162 (-648 656 26 ) (-648 656 116 ) (-648 1024 116 ) (-648 1024 26 ) 
4 130 159 (-648 656 116 ) (-648 656 480 ) (-648 1024 480 ) (-648 1024 116 ) 
4 130 153 (-632 656 26 ) (-568 656 26 ) (-568 656 40 ) (-632 656 40 ) 
4 130 155 (-648 656 40 ) (-648 656 26 ) (-632 656 26 ) (-632 656 40 ) 
4 130 152 (-568 656 26 ) (-552 656 26 ) (-552 656 40 ) (-568 656 40 ) 
4 130 149 (-648 656 60 ) (-648 656 40 ) (-548 656 40 ) (-548 656 60 ) 
4 130 138 (-648 656 480 ) (-648 656 60 ) (-548 656 60 ) (-548 656 480 ) 
4 130 135 (-548 656 26 ) (-648 656 26 ) (-648 1024 26 ) (-548 1024 26 ) 
4 131 190 (-136 1024 8 ) (0 1024 8 ) (0 656 8 ) (-136 656 8 ) 
4 131 150 (-520 656 8 ) (-512 656 8 ) (-512 656 26 ) (-520 656 26 ) 
4 131 141 (-512 656 8 ) (-448 656 8 ) (-448 656 26 ) (-512 656 26 ) 
4 131 140 (-448 656 8 ) (0 656 8 ) (0 656 26 ) (-448 656 26 ) 
4 131 133 (-542 656 24 ) (-542 656 26 ) (-542 657 26 ) (-542 657 24 ) 
4 131 134 (-542 657 8 ) (-542 656 8 ) (-542 656 16 ) (-542 657 16 ) 
4 131 132 (-542 1024 8 ) (-542 657 8 ) (-542 657 26 ) (-542 1024 26 ) 
4 132 133 (-548 657 26 ) (-548 657 24 ) (-542 657 24 ) (-542 657 26 ) 
4 132 134 (-548 657 16 ) (-548 657 8 ) (-542 657 8 ) (-542 657 16 ) 
4 132 135 (-548 1024 8 ) (-548 657 8 ) (-548 657 26 ) (-548 1024 26 ) 
4 133 135 (-548 656 24 ) (-548 656 26 ) (-548 657 26 ) (-548 657 24 ) 
4 134 135 (-548 657 8 ) (-548 656 8 ) (-548 656 16 ) (-548 657 16 ) 
4 135 162 (-648 1024 8 ) (-648 656 8 ) (-648 656 26 ) (-648 1024 26 ) 
4 135 153 (-632 656 8 ) (-568 656 8 ) (-568 656 26 ) (-632 656 26 ) 
4 135 155 (-648 656 26 ) (-648 656 8 ) (-632 656 8 ) (-632 656 26 ) 
4 135 152 (-568 656 8 ) (-552 656 8 ) (-552 656 26 ) (-568 656 26 ) 
4 136 156 (-648 516 639.619019 ) (-648 656 639.619019 ) (-648 656 512 ) (-648 516 512 ) 
4 136 139 (-648 516 639.619019 ) (-648 516 512 ) (0 516 512 ) (0 516 639.619019 ) 
4 136 137 (0 516 512 ) (-648 516 512 ) (-648 656 512 ) (0 656 512 ) 
4 137 157 (-648 656 512 ) (-648 656 480 ) (-648 516 480 ) (-648 516 512 ) 
4 137 138 (0 516 480 ) (-648 516 480 ) (-648 656 480 ) (0 656 480 ) 
4 137 139 (-648 516 512 ) (-648 516 480 ) (0 516 480 ) (0 516 512 ) 
4 138 162 (-648 656 116 ) (-648 656 60 ) (-648 648 60 ) (-648 648 116 ) 
4 138 163 (-648 632 60 ) (-648 516 60 ) (-648 516 116 ) (-648 632 116 ) 
4 138 160 (-648 632 120 ) (-648 632 480 ) (-648 648 480 ) (-648 648 120 ) 
4 138 159 (-648 656 480 ) (-648 656 116 ) (-648 648 116 ) (-648 648 480 ) 
4 138 161 (-648 632 116 ) (-648 516 116 ) (-648 516 480 ) (-648 632 480 ) 
4 138 148 (-524 628 60 ) (-524 516 60 ) (-548 516 60 ) (-548 628 60 ) 
4 138 146 (-524 654 60 ) (-524 644 60 ) (-548 644 60 ) (-548 654 60 ) 
4 138 145 (-548 656 60 ) (-524 656 60 ) (-524 654 60 ) (-548 654 60 ) 
4 138 147 (-524 644 60 ) (-524 640 60 ) (-548 640 60 ) (-548 644 60 ) 
4 138 144 (-524 656 60 ) (-512 656 60 ) (-512 516 60 ) (-524 516 60 ) 
4 138 149 (-648 516 60 ) (-648 656 60 ) (-548 656 60 ) (-548 516 60 ) 
4 138 142 (-448 646 60 ) (-448 634 60 ) (-512 634 60 ) (-512 646 60 ) 
4 138 141 (-512 656 60 ) (-448 656 60 ) (-448 646 60 ) (-512 646 60 ) 
4 138 143 (-448 634 60 ) (-448 516 60 ) (-512 516 60 ) (-512 634 60 ) 
4 138 140 (-448 656 60 ) (0 656 60 ) (0 516 60 ) (-448 516 60 ) 
4 138 139 (-648 516 480 ) (-648 516 60 ) (0 516 60 ) (0 516 480 ) 
4 139 188 (0 512 512 ) (0 512 639.619019 ) (-648 512 639.619019 ) (-648 512 512 ) 
4 139 163 (-648 512 60 ) (-648 512 116 ) (-648 516 116 ) (-648 516 60 ) 
4 139 161 (-648 512 116 ) (-648 512 480 ) (-648 516 480 ) (-648 516 116 ) 
4 139 158 (-648 512 480 ) (-648 512 639.619019 ) (-648 516 639.619019 ) (-648 516 480 ) 
4 139 148 (-524 512 60 ) (-548 512 60 ) (-548 516 60 ) (-524 516 60 ) 
4 139 144 (-512 512 60 ) (-524 512 60 ) (-524 516 60 ) (-512 516 60 ) 
4 139 149 (-548 512 60 ) (-648 512 60 ) (-648 516 60 ) (-548 516 60 ) 
4 139 143 (-448 512 60 ) (-512 512 60 ) (-512 516 60 ) (-448 516 60 ) 
4 139 140 (0 512 60 ) (-448 512 60 ) (-448 516 60 ) (0 516 60 ) 
4 140 191 (-136 512 8 ) (-448 512 8 ) (-448 584 8 ) (-136 584 8 ) 
4 140 190 (0 656 8 ) (0 512 8 ) (-136 512 8 ) (-136 656 8 ) 
4 140 142 (-448 634 60 ) (-448 646 60 ) (-448 646 50 ) (-448 634 50 ) 
4 140 141 (-448 646 60 ) (-448 656 60 ) (-448 656 8 ) (-448 646 8 ) 
4 140 143 (-448 512 8 ) (-448 512 60 ) (-448 634 60 ) (-448 634 8 ) 
4 141 150 (-512 656 40 ) (-512 656 8 ) (-512 646 8 ) (-512 646 40 ) 
4 141 144 (-512 646 60 ) (-512 656 60 ) (-512 656 40 ) (-512 646 40 ) 
4 141 142 (-512 646 60 ) (-512 646 50 ) (-448 646 50 ) (-448 646 60 ) 
4 142 144 (-512 634 60 ) (-512 646 60 ) (-512 646 50 ) (-512 634 50 ) 
4 142 143 (-512 634 60 ) (-512 634 50 ) (-448 634 50 ) (-448 634 60 ) 
4 143 191 (-448 512 8 ) (-512 512 8 ) (-512 584 8 ) (-448 584 8 ) 
4 143 150 (-512 512 8 ) (-512 512 40 ) (-512 634 40 ) (-512 634 8 ) 
4 143 144 (-512 512 40 ) (-512 512 60 ) (-512 634 60 ) (-512 634 40 ) 
4 144 151 (-520 624 40 ) (-520 512 40 ) (-524 512 40 ) (-524 624 40 ) 
4 144 150 (-520 656 40 ) (-512 656 40 ) (-512 512 40 ) (-520 512 40 ) 
4 144 148 (-524 628 40 ) (-524 512 40 ) (-524 512 60 ) (-524 628 60 ) 
4 144 146 (-524 644 42 ) (-524 644 60 ) (-524 654 60 ) (-524 654 42 ) 
4 144 145 (-524 656 40 ) (-524 654 40 ) (-524 654 60 ) (-524 656 60 ) 
4 144 147 (-524 644 40 ) (-524 640 40 ) (-524 640 60 ) (-524 644 60 ) 
4 145 146 (-548 654 60 ) (-548 654 42 ) (-524 654 42 ) (-524 654 60 ) 
4 145 149 (-548 656 40 ) (-548 654 40 ) (-548 654 60 ) (-548 656 60 ) 
4 146 149 (-548 644 42 ) (-548 644 60 ) (-548 654 60 ) (-548 654 42 ) 
4 146 147 (-548 644 60 ) (-548 644 42 ) (-524 644 42 ) (-524 644 60 ) 
4 147 149 (-548 644 40 ) (-548 640 40 ) (-548 640 60 ) (-548 644 60 ) 
4 148 151 (-524 624 40 ) (-524 512 40 ) (-548 512 40 ) (-548 624 40 ) 
4 148 149 (-548 628 40 ) (-548 512 40 ) (-548 512 60 ) (-548 628 60 ) 
4 149 162 (-648 648 60 ) (-648 656 60 ) (-648 656 40 ) (-648 648 40 ) 
4 149 163 (-648 512 40 ) (-648 512 60 ) (-648 632 60 ) (-648 632 40 ) 
4 149 153 (-632 656 40 ) (-568 656 40 ) (-568 644 40 ) (-632 644 40 ) 
4 149 154 (-568 636 40 ) (-568 512 40 ) (-632 512 40 ) (-632 636 40 ) 
4 149 155 (-648 512 40 ) (-648 656 40 ) (-632 656 40 ) (-632 512 40 ) 
4 149 151 (-548 624 40 ) (-548 512 40 ) (-552 512 40 ) (-552 624 40 ) 
4 149 152 (-568 656 40 ) (-552 656 40 ) (-552 512 40 ) (-568 512 40 ) 
4 150 191 (-512 512 8 ) (-520 512 8 ) (-520 584 8 ) (-512 584 8 ) 
4 150 151 (-520 512 8 ) (-520 512 40 ) (-520 624 40 ) (-520 624 8 ) 
4 151 191 (-520 512 8 ) (-552 512 8 ) (-552 584 8 ) (-520 584 8 ) 
4 151 152 (-552 512 8 ) (-552 512 40 ) (-552 624 40 ) (-552 624 8 ) 
4 152 191 (-552 512 8 ) (-568 512 8 ) (-568 584 8 ) (-552 584 8 ) 
4 152 153 (-568 644 40 ) (-568 656 40 ) (-568 656 8 ) (-568 644 8 ) 
4 152 154 (-568 512 8 ) (-568 512 40 ) (-568 636 40 ) (-568 636 8 ) 
4 153 155 (-632 644 40 ) (-632 656 40 ) (-632 656 8 ) (-632 644 8 ) 
4 154 191 (-568 512 8 ) (-632 512 8 ) (-632 584 8 ) (-568 584 8 ) 
4 154 155 (-632 512 8 ) (-632 512 40 ) (-632 636 40 ) (-632 636 8 ) 
4 155 191 (-632 512 8 ) (-648 512 8 ) (-648 584 8 ) (-632 584 8 ) 
4 155 162 (-648 656 8 ) (-648 648 8 ) (-648 648 40 ) (-648 656 40 ) 
4 155 163 (-648 632 8 ) (-648 512 8 ) (-648 512 40 ) (-648 632 40 ) 
4 156 174 (-928 516 639.619019 ) (-928 1024 639.619019 ) (-928 1024 512 ) (-928 516 512 ) 
4 156 158 (-928 516 639.619019 ) (-928 516 512 ) (-648 516 512 ) (-648 516 639.619019 ) 
4 156 157 (-648 516 512 ) (-928 516 512 ) (-928 1024 512 ) (-648 1024 512 ) 
4 157 175 (-928 1024 512 ) (-928 1024 480 ) (-928 516 480 ) (-928 516 512 ) 
4 157 172 (-928 608 480 ) (-928 672 480 ) (-864 672 480 ) (-864 608 480 ) 
4 157 170 (-848 672 480 ) (-720 672 480 ) (-720 608 480 ) (-848 608 480 ) 
4 157 169 (-720 672 480 ) (-704 672 480 ) (-704 608 480 ) (-720 608 480 ) 
4 157 171 (-864 672 480 ) (-848 672 480 ) (-848 608 480 ) (-864 608 480 ) 
4 157 168 (-928 672 480 ) (-928 1024 480 ) (-704 1024 480 ) (-704 672 480 ) 
4 157 173 (-928 516 480 ) (-928 608 480 ) (-704 608 480 ) (-704 516 480 ) 
4 157 160 (-648 648 480 ) (-648 632 480 ) (-704 632 480 ) (-704 648 480 ) 
4 157 159 (-704 1024 480 ) (-648 1024 480 ) (-648 648 480 ) (-704 648 480 ) 
4 157 161 (-648 632 480 ) (-648 516 480 ) (-704 516 480 ) (-704 632 480 ) 
4 157 158 (-928 516 512 ) (-928 516 480 ) (-648 516 480 ) (-648 516 512 ) 
4 158 188 (-648 512 512 ) (-648 512 639.619019 ) (-928 512 639.619019 ) (-928 512 512 ) 
4 158 177 (-928 512 480 ) (-928 512 639.619019 ) (-928 516 639.619019 ) (-928 516 480 ) 
4 158 173 (-928 512 480 ) (-928 516 480 ) (-704 516 480 ) (-704 512 480 ) 
4 158 161 (-704 516 480 ) (-648 516 480 ) (-648 512 480 ) (-704 512 480 ) 
4 159 169 (-704 648 480 ) (-704 672 480 ) (-704 672 116 ) (-704 648 116 ) 
4 159 168 (-704 672 480 ) (-704 1024 480 ) (-704 1024 116 ) (-704 672 116 ) 
4 159 166 (-704 648 116 ) (-704 1024 116 ) (-700 1024 116 ) (-700 648 116 ) 
4 159 164 (-700 1024 116 ) (-652 1024 116 ) (-652 648 116 ) (-700 648 116 ) 
4 159 162 (-652 1024 116 ) (-648 1024 116 ) (-648 648 116 ) (-652 648 116 ) 
4 159 160 (-704 648 480 ) (-704 648 120 ) (-648 648 120 ) (-648 648 480 ) 
4 160 169 (-704 632 480 ) (-704 648 480 ) (-704 648 120 ) (-704 632 120 ) 
4 160 161 (-704 632 480 ) (-704 632 120 ) (-648 632 120 ) (-648 632 480 ) 
4 161 169 (-704 608 480 ) (-704 632 480 ) (-704 632 116 ) (-704 608 116 ) 
4 161 173 (-704 512 116 ) (-704 512 480 ) (-704 608 480 ) (-704 608 116 ) 
4 161 167 (-704 512 116 ) (-704 632 116 ) (-700 632 116 ) (-700 512 116 ) 
4 161 165 (-700 632 116 ) (-652 632 116 ) (-652 512 116 ) (-700 512 116 ) 
4 161 163 (-652 632 116 ) (-648 632 116 ) (-648 512 116 ) (-652 512 116 ) 
4 162 164 (-652 1024 8 ) (-652 648 8 ) (-652 648 116 ) (-652 1024 116 ) 
4 163 191 (-648 584 8 ) (-648 512 8 ) (-652 512 8 ) (-652 584 8 ) 
4 163 165 (-652 632 8 ) (-652 512 8 ) (-652 512 116 ) (-652 632 116 ) 
4 164 166 (-700 1024 8 ) (-700 648 8 ) (-700 648 116 ) (-700 1024 116 ) 
4 165 191 (-652 584 8 ) (-652 512 8 ) (-700 512 8 ) (-700 584 8 ) 
4 165 167 (-700 632 8 ) (-700 512 8 ) (-700 512 116 ) (-700 632 116 ) 
4 166 169 (-704 672 8 ) (-704 648 8 ) (-704 648 116 ) (-704 672 116 ) 
4 166 168 (-704 1024 8 ) (-704 672 8 ) (-704 672 116 ) (-704 1024 116 ) 
4 167 191 (-700 584 8 ) (-700 512 8 ) (-704 512 8 ) (-704 584 8 ) 
4 167 169 (-704 632 8 ) (-704 608 8 ) (-704 608 116 ) (-704 632 116 ) 
4 167 173 (-704 608 8 ) (-704 512 8 ) (-704 512 116 ) (-704 608 116 ) 
4 168 185 (-928 1024 8 ) (-928 880 8 ) (-928 880 16 ) (-928 1024 16 ) 
4 168 186 (-928 688 8 ) (-928 672 8 ) (-928 672 16 ) (-928 688 16 ) 
4 168 183 (-928 672 16 ) (-928 672 128 ) (-928 688 128 ) (-928 688 16 ) 
4 168 181 (-928 880 128 ) (-928 1024 128 ) (-928 1024 16 ) (-928 880 16 ) 
4 168 182 (-928 696 128 ) (-928 872 128 ) (-928 872 16 ) (-928 696 16 ) 
4 168 178 (-928 880 136 ) (-928 1024 136 ) (-928 1024 128 ) (-928 880 128 ) 
4 168 179 (-928 672 128 ) (-928 672 136 ) (-928 688 136 ) (-928 688 128 ) 
4 168 176 (-928 672 136 ) (-928 672 480 ) (-928 1024 480 ) (-928 1024 136 ) 
4 168 172 (-864 672 480 ) (-928 672 480 ) (-928 672 72 ) (-864 672 72 ) 
4 168 170 (-720 672 480 ) (-848 672 480 ) (-848 672 136 ) (-720 672 136 ) 
4 168 169 (-704 672 8 ) (-704 672 480 ) (-720 672 480 ) (-720 672 8 ) 
4 168 171 (-848 672 480 ) (-864 672 480 ) (-864 672 8 ) (-848 672 8 ) 
4 169 170 (-720 672 480 ) (-720 672 136 ) (-720 608 136 ) (-720 608 480 ) 
4 169 173 (-704 608 8 ) (-704 608 480 ) (-720 608 480 ) (-720 608 8 ) 
4 170 173 (-720 608 480 ) (-848 608 480 ) (-848 608 136 ) (-720 608 136 ) 
4 170 171 (-848 672 480 ) (-848 672 136 ) (-848 608 136 ) (-848 608 480 ) 
4 171 172 (-864 672 480 ) (-864 672 72 ) (-864 608 72 ) (-864 608 480 ) 
4 171 173 (-848 608 480 ) (-864 608 480 ) (-864 608 8 ) (-848 608 8 ) 
4 172 183 (-928 608 72 ) (-928 608 128 ) (-928 672 128 ) (-928 672 72 ) 
4 172 179 (-928 608 128 ) (-928 608 136 ) (-928 672 136 ) (-928 672 128 ) 
4 172 176 (-928 608 136 ) (-928 608 480 ) (-928 672 480 ) (-928 672 136 ) 
4 172 173 (-864 608 480 ) (-928 608 480 ) (-928 608 72 ) (-864 608 72 ) 
4 173 191 (-704 584 8 ) (-704 512 8 ) (-928 512 8 ) (-928 584 8 ) 
4 173 186 (-928 608 8 ) (-928 512 8 ) (-928 512 16 ) (-928 608 16 ) 
4 173 183 (-928 512 16 ) (-928 512 128 ) (-928 608 128 ) (-928 608 16 ) 
4 173 179 (-928 512 128 ) (-928 512 136 ) (-928 608 136 ) (-928 608 128 ) 
4 173 176 (-928 516 480 ) (-928 608 480 ) (-928 608 136 ) (-928 516 136 ) 
4 173 177 (-928 512 136 ) (-928 512 480 ) (-928 516 480 ) (-928 516 136 ) 
4 174 196 (-1024 1024 639.619019 ) (-1024 1024 512 ) (-1024 516 512 ) (-1024 516 639.619019 ) 
4 174 177 (-928 516 512 ) (-928 516 639.619019 ) (-1024 516 639.619019 ) (-1024 516 512 ) 
4 174 175 (-928 516 512 ) (-1024 516 512 ) (-1024 1024 512 ) (-928 1024 512 ) 
4 175 176 (-928 516 480 ) (-1024 516 480 ) (-1024 1024 480 ) (-928 1024 480 ) 
4 175 177 (-928 516 480 ) (-928 516 512 ) (-1024 516 512 ) (-1024 516 480 ) 
4 176 178 (-944 1024 136 ) (-928 1024 136 ) (-928 880 136 ) (-944 880 136 ) 
4 176 179 (-928 688 136 ) (-928 516 136 ) (-944 516 136 ) (-944 688 136 ) 
4 176 180 (-1024 1024 136 ) (-944 1024 136 ) (-944 516 136 ) (-1024 516 136 ) 
4 176 177 (-1024 516 136 ) (-928 516 136 ) (-928 516 480 ) (-1024 516 480 ) 
4 177 196 (-1024 512 512 ) (-1024 512 639.619019 ) (-1024 516 639.619019 ) (-1024 516 512 ) 
4 177 188 (-928 512 512 ) (-928 512 639.619019 ) (-1024 512 639.619019 ) (-1024 512 512 ) 
4 177 179 (-928 516 136 ) (-928 512 136 ) (-944 512 136 ) (-944 516 136 ) 
4 177 180 (-944 512 136 ) (-1024 512 136 ) (-1024 516 136 ) (-944 516 136 ) 
4 178 181 (-928 1024 128 ) (-928 880 128 ) (-944 880 128 ) (-944 1024 128 ) 
4 178 180 (-944 1024 128 ) (-944 880 128 ) (-944 880 136 ) (-944 1024 136 ) 
4 179 183 (-928 688 128 ) (-928 512 128 ) (-944 512 128 ) (-944 688 128 ) 
4 179 180 (-944 688 128 ) (-944 512 128 ) (-944 512 136 ) (-944 688 136 ) 
4 180 184 (-944 512 128 ) (-1024 512 128 ) (-1024 1024 128 ) (-944 1024 128 ) 
4 181 185 (-944 1024 16 ) (-928 1024 16 ) (-928 880 16 ) (-944 880 16 ) 
4 181 184 (-944 1024 16 ) (-944 880 16 ) (-944 880 128 ) (-944 1024 128 ) 
4 182 184 (-944 872 16 ) (-944 696 16 ) (-944 696 128 ) (-944 872 128 ) 
4 183 186 (-928 688 16 ) (-928 512 16 ) (-944 512 16 ) (-944 688 16 ) 
4 183 184 (-944 688 16 ) (-944 512 16 ) (-944 512 128 ) (-944 688 128 ) 
4 184 187 (-1024 1024 16 ) (-944 1024 16 ) (-944 512 16 ) (-1024 512 16 ) 
4 185 187 (-944 1024 8 ) (-944 880 8 ) (-944 880 16 ) (-944 1024 16 ) 
4 186 191 (-928 584 8 ) (-928 512 8 ) (-944 512 8 ) (-944 584 8 ) 
4 186 187 (-944 688 8 ) (-944 512 8 ) (-944 512 16 ) (-944 688 16 ) 
4 187 191 (-944 584 8 ) (-944 512 8 ) (-952 512 8 ) (-952 584 8 ) 
4 187 192 (-1024 512 8 ) (-1024 1024 8 ) (-952 1024 8 ) (-952 512 8 ) 
4 188 196 (-1024 480 512 ) (-1024 480 639.619019 ) (-1024 512 639.619019 ) (-1024 512 512 ) 
4 188 189 (0 480 512 ) (0 480 639.619019 ) (-1024 480 639.619019 ) (-1024 480 512 ) 
4 189 201 (-1024 480 8 ) (-1024 110.888000 8 ) (-1024 110.888000 639.619019 ) (-1024 480 639.619019 ) 
4 189 195 (-1024 110.888000 8 ) (-1024 480 8 ) (0 480 8 ) (0 110.888000 8 ) 
4 190 191 (-136 584 0 ) (-136 512 0 ) (-136 512 8 ) (-136 584 8 ) 
4 191 192 (-952 584 0 ) (-952 512 0 ) (-952 512 8 ) (-952 584 8 ) 
4 193 199 (-1024 1024 -96 ) (-1024 1024 -279.618988 ) (-1024 512 -279.618988 ) (-1024 512 -96 ) 
5 193 194 (-1024 512 -279.618988 ) (0 512 -279.618988 ) (0 512 -117.894745 ) (-17.655338 512 -116.965515 ) (-1024 512 -96 ) 
4 194 199 (-1024 512 -279.618988 ) (-1024 480 -279.618988 ) (-1024 480 -96 ) (-1024 512 -96 ) 
4 194 195 (-1024 480 -279.618988 ) (0 480 -279.618988 ) (0 480 -117.333344 ) (-1024 480 -96 ) 
4 195 201 (-1024 480 -279.618988 ) (-1024 110.888000 -279.618988 ) (-1024 110.888000 8 ) (-1024 480 8 ) 
4 196 201 (-1024 480 512 ) (-1024 480 639.619019 ) (-1056 480 639.619019 ) (-1056 480 512 ) 
4 196 197 (-1056 480 512 ) (-1056 480 639.619019 ) (-1056 1024 639.619019 ) (-1056 1024 512 ) 
4 197 201 (-1056 480 639.619019 ) (-1173.380127 480 639.619019 ) (-1173.380127 480 256 ) (-1056 480 256 ) 
4 197 198 (-1056 480 256 ) (-1173.380127 480 256 ) (-1173.380127 1024 256 ) (-1056 1024 256 ) 
4 198 201 (-1056 480 256 ) (-1173.380127 480 256 ) (-1173.380127 480 64 ) (-1056 480 64 ) 
4 198 200 (-1056 480 64 ) (-1173.380127 480 64 ) (-1173.380127 1024 64 ) (-1056 1024 64 ) 
4 199 201 (-1024 480 -279.618988 ) (-1024 480 -96 ) (-1056 480 -96 ) (-1056 480 -279.618988 ) 
4 199 200 (-1056 1024 -279.618988 ) (-1056 480 -279.618988 ) (-1056 480 -96 ) (-1056 1024 -96 ) 
4 200 201 (-1056 480 64 ) (-1173.380127 480 64 ) (-1173.380127 480 -279.618988 ) (-1056 480 -279.618988 ) 
